NOTE: Picked up JDK_JAVA_OPTIONS:  --add-opens=java.base/java.lang=ALL-UNNAMED --add-opens=java.base/java.io=ALL-UNNAMED --add-opens=java.rmi/sun.rmi.transport=ALL-UNNAMED
Oct 12, 2019 11:15:05 PM org.apache.catalina.startup.VersionLoggerListener log
INFO: Server version:        Apache Tomcat/7.0.96
Oct 12, 2019 11:15:05 PM org.apache.catalina.startup.VersionLoggerListener log
INFO: Server built:          Jul 24 2019 13:00:10 UTC
Oct 12, 2019 11:15:05 PM org.apache.catalina.startup.VersionLoggerListener log
INFO: Server number:         7.0.96.0
Oct 12, 2019 11:15:05 PM org.apache.catalina.startup.VersionLoggerListener log
INFO: OS Name:               Windows 10
Oct 12, 2019 11:15:05 PM org.apache.catalina.startup.VersionLoggerListener log
INFO: OS Version:            10.0
Oct 12, 2019 11:15:05 PM org.apache.catalina.startup.VersionLoggerListener log
INFO: Architecture:          amd64
Oct 12, 2019 11:15:05 PM org.apache.catalina.startup.VersionLoggerListener log
INFO: Java Home:             C:\Program Files\Java\jdk-13
Oct 12, 2019 11:15:05 PM org.apache.catalina.startup.VersionLoggerListener log
INFO: JVM Version:           13+33
Oct 12, 2019 11:15:05 PM org.apache.catalina.startup.VersionLoggerListener log
INFO: JVM Vendor:            Oracle Corporation
Oct 12, 2019 11:15:05 PM org.apache.catalina.startup.VersionLoggerListener log
INFO: CATALINA_BASE:         C:/Users/test/Downloads/apache-tomcat-7.0.96
Oct 12, 2019 11:15:05 PM org.apache.catalina.startup.VersionLoggerListener log
INFO: CATALINA_HOME:         C:/Users/test/Downloads/apache-tomcat-7.0.96
Oct 12, 2019 11:15:05 PM org.apache.catalina.startup.VersionLoggerListener log
INFO: Command line argument: --add-opens=java.base/java.lang=ALL-UNNAMED
Oct 12, 2019 11:15:05 PM org.apache.catalina.startup.VersionLoggerListener log
INFO: Command line argument: --add-opens=java.base/java.io=ALL-UNNAMED
Oct 12, 2019 11:15:05 PM org.apache.catalina.startup.VersionLoggerListener log
INFO: Command line argument: --add-opens=java.rmi/sun.rmi.transport=ALL-UNNAMED
Oct 12, 2019 11:15:05 PM org.apache.catalina.startup.VersionLoggerListener log
INFO: Command line argument: -Djava.util.logging.config.file=C:/Users/test/Downloads/apache-tomcat-7.0.96/conf/logging.properties
Oct 12, 2019 11:15:05 PM org.apache.catalina.startup.VersionLoggerListener log
INFO: Command line argument: -Djava.util.logging.manager=org.apache.juli.ClassLoaderLogManager
Oct 12, 2019 11:15:05 PM org.apache.catalina.startup.VersionLoggerListener log
INFO: Command line argument: -Djdk.tls.ephemeralDHKeySize=2048
Oct 12, 2019 11:15:05 PM org.apache.catalina.startup.VersionLoggerListener log
INFO: Command line argument: -Dignore.endorsed.dirs=
Oct 12, 2019 11:15:05 PM org.apache.catalina.startup.VersionLoggerListener log
INFO: Command line argument: -Dcatalina.base=C:/Users/test/Downloads/apache-tomcat-7.0.96
Oct 12, 2019 11:15:05 PM org.apache.catalina.startup.VersionLoggerListener log
INFO: Command line argument: -Dcatalina.home=C:/Users/test/Downloads/apache-tomcat-7.0.96
Oct 12, 2019 11:15:05 PM org.apache.catalina.startup.VersionLoggerListener log
INFO: Command line argument: -Djava.io.tmpdir=C:/Users/test/Downloads/apache-tomcat-7.0.96/temp
Oct 12, 2019 11:15:05 PM org.apache.catalina.core.AprLifecycleListener lifecycleEvent
INFO: The APR based Apache Tomcat Native library which allows optimal performance in production environments was not found on the java.library.path: C:\Program Files\Java\jdk-13\bin;C:\WINDOWS\Sun\Java\bin;C:\WINDOWS\system32;C:\WINDOWS;C:\Users\test\AppData\Roaming\SPB_16.6\bin;C:\Program Files\Git\mingw64\bin;C:\Program Files\Git\usr\local\bin;C:\Program Files\Git\usr\bin;C:\Program Files\Git\usr\bin;C:\Program Files\Git\mingw64\bin;C:\Program Files\Git\usr\bin;C:\Users\test\AppData\Roaming\SPB_16.6\bin;C:\Program Files\NVIDIA GPU Computing Toolkit\CUDA\v9.2\bin;C:\Program Files\NVIDIA GPU Computing Toolkit\CUDA\v9.2\libnvvp;C:\ProgramData\Oracle\Java\javapath;C:\Program Files (x86)\Razer Chroma SDK\bin;C:\Program Files\Razer Chroma SDK\bin;C:\Windows\system32;C:\Windows;C:\Windows\System32\Wbem;C:\Windows\System32\WindowsPowerShell\v1.0;C:\Users\Administrator\AppData\Local\Microsoft\WindowsApps;C:\WINDOWS\system32;C:\WINDOWS;C:\WINDOWS\System32\Wbem;C:\WINDOWS\System32\WindowsPowerShell\v1.0;C:\Program Files\PuTTY;C:\Program Files (x86)\GtkSharp\2.12\bin;C:\Program Files (x86)\Wolfram Research\WolframScript;C:\Program Files\Git\cmd;C:\WINDOWS\System32\OpenSSH;C:\Program Files (x86)\NVIDIA Corporation\PhysX\Common;C:\Program Files\NVIDIA Corporation\NVIDIA NvDLISR;C:\WINDOWS\system32;C:\WINDOWS;C:\WINDOWS\System32\Wbem;C:\WINDOWS\System32\WindowsPowerShell\v1.0;C:\WINDOWS\System32\OpenSSH;C:\Users\test\AppData\Local\Programs\Python\Python36\Scripts;C:\Users\test\AppData\Local\Programs\Python\Python36;C:\Program Files\MySQL\MySQL Shell 8.0\bin;C:\Program Files\Git\usr\bin\vendor_perl;C:\Program Files\Git\usr\bin\core_perl;.
Oct 12, 2019 11:15:05 PM org.apache.coyote.AbstractProtocol init
INFO: Initializing ProtocolHandler ["http-bio-8080"]
Oct 12, 2019 11:15:05 PM org.apache.coyote.AbstractProtocol init
INFO: Initializing ProtocolHandler ["ajp-bio-8009"]
Oct 12, 2019 11:15:05 PM org.apache.catalina.startup.Catalina load
INFO: Initialization processed in 706 ms
Oct 12, 2019 11:15:05 PM org.apache.catalina.core.StandardService startInternal
INFO: Starting service Catalina
Oct 12, 2019 11:15:05 PM org.apache.catalina.core.StandardEngine startInternal
INFO: Starting Servlet Engine: Apache Tomcat/7.0.96
Oct 12, 2019 11:15:05 PM org.apache.catalina.startup.HostConfig deployDirectory
INFO: Deploying web application directory C:\Users\test\Downloads\apache-tomcat-7.0.96\webapps\docs
Oct 12, 2019 11:15:06 PM org.apache.catalina.util.SessionIdGeneratorBase createSecureRandom
WARNING: Creation of SecureRandom instance for session ID generation using [SHA1PRNG] took [247] milliseconds.
Oct 12, 2019 11:15:06 PM org.apache.catalina.startup.HostConfig deployDirectory
INFO: Deployment of web application directory C:\Users\test\Downloads\apache-tomcat-7.0.96\webapps\docs has finished in 763 ms
Oct 12, 2019 11:15:06 PM org.apache.catalina.startup.HostConfig deployDirectory
INFO: Deploying web application directory C:\Users\test\Downloads\apache-tomcat-7.0.96\webapps\examples
Oct 12, 2019 11:15:07 PM org.apache.catalina.startup.HostConfig deployDirectory
INFO: Deployment of web application directory C:\Users\test\Downloads\apache-tomcat-7.0.96\webapps\examples has finished in 1,543 ms
Oct 12, 2019 11:15:07 PM org.apache.catalina.startup.HostConfig deployDirectory
INFO: Deploying web application directory C:\Users\test\Downloads\apache-tomcat-7.0.96\webapps\host-manager
Oct 12, 2019 11:15:07 PM org.apache.catalina.startup.HostConfig deployDirectory
INFO: Deployment of web application directory C:\Users\test\Downloads\apache-tomcat-7.0.96\webapps\host-manager has finished in 205 ms
Oct 12, 2019 11:15:07 PM org.apache.catalina.startup.HostConfig deployDirectory
INFO: Deploying web application directory C:\Users\test\Downloads\apache-tomcat-7.0.96\webapps\manager
Oct 12, 2019 11:15:08 PM org.apache.catalina.startup.HostConfig deployDirectory
INFO: Deployment of web application directory C:\Users\test\Downloads\apache-tomcat-7.0.96\webapps\manager has finished in 144 ms
Oct 12, 2019 11:15:08 PM org.apache.catalina.startup.HostConfig deployDirectory
INFO: Deploying web application directory C:\Users\test\Downloads\apache-tomcat-7.0.96\webapps\ROOT
Oct 12, 2019 11:15:08 PM org.apache.catalina.startup.HostConfig deployDirectory
INFO: Deployment of web application directory C:\Users\test\Downloads\apache-tomcat-7.0.96\webapps\ROOT has finished in 100 ms
Oct 12, 2019 11:15:08 PM org.apache.coyote.AbstractProtocol start
INFO: Starting ProtocolHandler ["http-bio-8080"]
Oct 12, 2019 11:15:08 PM org.apache.coyote.AbstractProtocol start
INFO: Starting ProtocolHandler ["ajp-bio-8009"]
Oct 12, 2019 11:15:08 PM org.apache.catalina.startup.Catalina start
INFO: Server startup in 2883 ms
Oct 12, 2019 11:15:08 PM org.apache.catalina.core.StandardServer await
SEVERE: StandardServer.await: create[localhost:8005]: 
java.net.BindException: Address already in use: bind
	at java.base/sun.nio.ch.Net.bind0(Native Method)
	at java.base/sun.nio.ch.Net.bind(Net.java:469)
	at java.base/sun.nio.ch.Net.bind(Net.java:458)
	at java.base/sun.nio.ch.NioSocketImpl.bind(NioSocketImpl.java:643)
	at java.base/java.net.ServerSocket.bind(ServerSocket.java:361)
	at java.base/java.net.ServerSocket.<init>(ServerSocket.java:247)
	at org.apache.catalina.core.StandardServer.await(StandardServer.java:444)
	at org.apache.catalina.startup.Catalina.await(Catalina.java:799)
	at org.apache.catalina.startup.Catalina.start(Catalina.java:745)
	at java.base/jdk.internal.reflect.NativeMethodAccessorImpl.invoke0(Native Method)
	at java.base/jdk.internal.reflect.NativeMethodAccessorImpl.invoke(NativeMethodAccessorImpl.java:62)
	at java.base/jdk.internal.reflect.DelegatingMethodAccessorImpl.invoke(DelegatingMethodAccessorImpl.java:43)
	at java.base/java.lang.reflect.Method.invoke(Method.java:567)
	at org.apache.catalina.startup.Bootstrap.start(Bootstrap.java:294)
	at org.apache.catalina.startup.Bootstrap.main(Bootstrap.java:428)

Oct 12, 2019 11:15:08 PM org.apache.coyote.AbstractProtocol pause
INFO: Pausing ProtocolHandler ["http-bio-8080"]
Oct 12, 2019 11:15:08 PM org.apache.coyote.AbstractProtocol pause
INFO: Pausing ProtocolHandler ["ajp-bio-8009"]
Oct 12, 2019 11:15:08 PM org.apache.catalina.core.StandardService stopInternal
INFO: Stopping service Catalina
Oct 12, 2019 11:15:08 PM org.apache.coyote.AbstractProtocol stop
INFO: Stopping ProtocolHandler ["http-bio-8080"]
Oct 12, 2019 11:15:08 PM org.apache.coyote.AbstractProtocol stop
INFO: Stopping ProtocolHandler ["ajp-bio-8009"]
Oct 12, 2019 11:15:08 PM org.apache.coyote.AbstractProtocol destroy
INFO: Destroying ProtocolHandler ["http-bio-8080"]
Oct 12, 2019 11:15:08 PM org.apache.coyote.AbstractProtocol destroy
INFO: Destroying ProtocolHandler ["ajp-bio-8009"]
